INFO:     Will watch for changes in these directories: ['/Users/akhilesh/Onyx/backend']
INFO:     Uvicorn running on http://0.0.0.0:8000 (Press CTRL+C to quit)
INFO:     Started reloader process [75204] using WatchFiles
INFO:     Started server process [75239]
INFO:     Waiting for application startup.
INFO:     Application startup complete.
WARNING:  WatchFiles detected changes in 'start_tunnel.py'. Reloading...
INFO:     Shutting down
INFO:     Waiting for application shutdown.
INFO:     Application shutdown complete.
INFO:     Finished server process [75239]
INFO:     Started server process [76942]
INFO:     Waiting for application startup.
INFO:     Application startup complete.
/Users/akhilesh/Library/Python/3.9/lib/python/site-packages/urllib3/__init__.py:35: NotOpenSSLWarning: urllib3 v2 only supports OpenSSL 1.1.1+, currently the 'ssl' module is compiled with 'LibreSSL 2.8.3'. See: https://github.com/urllib3/urllib3/issues/3020
  warnings.warn(

🔥🔥🔥 PHARMACY RESPONSE ENDPOINT CALLED 🔥🔥🔥
Request method: POST
Request headers: {'host': '6acc26d6e5e615.lhr.life', 'user-agent': 'curl/8.7.1', 'accept': '*/*', 'content-length': '22', 'content-type': 'application/x-www-form-urlencoded', 'x-forwarded-for': '184.185.222.16', 'x-forwarded-proto': 'https', 'forwarded': 'for=184.185.222.16;proto=https'}
Step 1: Reading form data...
Form data keys: ['CallSid', 'Digits']
Step 2: Parsed data
  Speech: ''
  Digits: '1'
Step 3: Detection logic - said_no = False
Step 5: Pharmacist said YES - building confirmation response...
Step 6: Confirmation TwiML ready: 223 chars
✅ SUCCESS: Confirmation response ready
INFO:     184.185.222.16:0 - "POST /api/pharmacy/response HTTP/1.1" 200 OK
INFO:     127.0.0.1:62889 - "POST /api/chat HTTP/1.1" 200 OK
ElevenLabs Error: headers: {'date': 'Sun, 08 Mar 2026 00:29:21 GMT', 'server': 'uvicorn', 'content-length': '203', 'content-type': 'application/json', 'access-control-allow-origin': '*', 'access-control-allow-headers': '*', 'access-control-allow-methods': 'POST, PATCH, OPTIONS, DELETE, GET, PUT', 'access-control-max-age': '600', 'strict-transport-security': 'max-age=1800;', 'x-trace-id': '9cad659cc4d155097404f577f3ca1e9e', 'x-region': 'us-central1', 'via': '1.1 google', 'alt-svc': 'h3=":443"; ma=2592000,h3-29=":443"; ma=2592000'}, status_code: 404, body: {'detail': {'type': 'not_found', 'code': 'voice_not_found', 'message': "A voice with voice_id 'cjVigY5qzO86HvfPbP6X' was not found.", 'status': 'voice_not_found', 'request_id': '9cad659cc4d155097404f577f3ca1e9e'}}
INFO:     127.0.0.1:62889 - "POST /api/tts HTTP/1.1" 500 Internal Server Error

📞 PHARMACY CALL INITIATED
  Patient: Arthur
  Request: please order medication for me
  Intent: Request to order medication.
  Calling Pharmacy: +19049103559
  From: +18638801249
  ✓ Synthesizing message for pharmacy...
  ✓ TTS complete. Audio size: 266284 bytes
  ⬆️ Uploading pharmacy_0.mp3 to CDN...
  ✓ Uploaded to CDN: https://n.uguu.se/KFfjpDEw.mp3
  ✓ Audio URL ready: https://n.uguu.se/KFfjpDEw.mp3
  ✓ Pharmacy call TwiML prepared
  ⏳ 🤙 Initiating call to pharmacy...
  ✓ ✅ Pharmacy call queued! Status: queued. Call SID: CAfda1393947498c9bb94bb04087c9613a
INFO:     127.0.0.1:62889 - "POST /api/caregiver/alert HTTP/1.1" 200 OK

🔥🔥🔥 PHARMACY RESPONSE ENDPOINT CALLED 🔥🔥🔥
Request method: POST
Request headers: {'content-type': 'application/x-www-form-urlencoded; charset=UTF-8', 'x-twilio-service-flow-event': '%7B%22flow_id%22%3A%22voice_twimlverb_01kk5dkf0nedmtf48g3emqjhnx%22%2C%22type%22%3A%22api_event%22%2C%22action%22%3A%22twiml_fetch%22%2C%22sub_action%22%3A%22completed%22%2C%22result%22%3A%22success%22%2C%22metadata%22%3A%7B%22transfer_type%22%3A%22call_transfer_url%22%7D%7D', 'i-twilio-idempotency-token': 'cb9e316d-8eac-4d35-b235-569347be0a2e', 'x-twilio-answertimeout': 'PT15S', 'x-twilio-signature': 'aipPs/38irkCfM2dcCGDD46H25k=', 'accept': '*/*', 'content-length': '509', 'x-home-region': 'us1', 'host': '6acc26d6e5e615.lhr.life', 'user-agent': 'TwilioProxy/1.1', 'connection': 'close', 'x-forwarded-for': '13.222.253.235', 'x-forwarded-proto': 'https', 'forwarded': 'for=13.222.253.235;proto=https'}
Step 1: Reading form data...
Form data keys: ['msg', 'Called', 'Digits', 'ToState', 'CallerCountry', 'Direction', 'CallerState', 'ToZip', 'CallSid', 'To', 'CallerZip', 'ToCountry', 'FinishedOnKey', 'CalledZip', 'ApiVersion', 'CalledCity', 'CallStatus', 'From', 'AccountSid', 'CalledCountry', 'CallerCity', 'ToCity', 'FromCountry', 'Caller', 'FromCity', 'CalledState', 'FromZip', 'FromState']
Step 2: Parsed data
  Speech: ''
  Digits: '1'
Step 3: Detection logic - said_no = False
Step 5: Pharmacist said YES - building confirmation response...
Step 6: Confirmation TwiML ready: 223 chars
✅ SUCCESS: Confirmation response ready
INFO:     13.222.253.235:0 - "POST /api/pharmacy/response HTTP/1.1" 200 OK
